Performing C SOURCE FILE Test CMAKE_HAVE_LIBC_PTHREAD failed with the following output:
Change Dir: /home/inessilva_132/Transferências/progp1/cmake-build-debug/CMakeFiles/CMakeTmp

Run Build Command(s):/usr/bin/gmake -f Makefile cmTC_30d95/fast && /usr/bin/gmake  -f CMakeFiles/cmTC_30d95.dir/build.make CMakeFiles/cmTC_30d95.dir/build
gmake[1]: a entrar na pasta "/home/inessilva_132/Transferências/progp1/cmake-build-debug/CMakeFiles/CMakeTmp"
Building C object CMakeFiles/cmTC_30d95.dir/src.c.o
/usr/bin/cc -DCMAKE_HAVE_LIBC_PTHREAD   -o CMakeFiles/cmTC_30d95.dir/src.c.o -c /home/inessilva_132/Transferências/progp1/cmake-build-debug/CMakeFiles/CMakeTmp/src.c
Linking C executable cmTC_30d95
/home/inessilva_132/Programação/CLion-2021.2.3/clion-2021.2.3/bin/cmake/linux/bin/cmake -E cmake_link_script CMakeFiles/cmTC_30d95.dir/link.txt --verbose=1
/usr/bin/cc CMakeFiles/cmTC_30d95.dir/src.c.o -o cmTC_30d95 
/usr/bin/ld: CMakeFiles/cmTC_30d95.dir/src.c.o: in function `main':
src.c:(.text+0x2d): undefined reference to `pthread_create'
/usr/bin/ld: src.c:(.text+0x39): undefined reference to `pthread_detach'
/usr/bin/ld: src.c:(.text+0x45): undefined reference to `pthread_cancel'
/usr/bin/ld: src.c:(.text+0x56): undefined reference to `pthread_join'
collect2: error: ld returned 1 exit status
gmake[1]: *** [CMakeFiles/cmTC_30d95.dir/build.make:99: cmTC_30d95] Erro 1
gmake[1]: a sair da pasta "/home/inessilva_132/Transferências/progp1/cmake-build-debug/CMakeFiles/CMakeTmp"
gmake: *** [Makefile:127: cmTC_30d95/fast] Erro 2


Source file was:
#include <pthread.h>

static void* test_func(void* data)
{
  return data;
}

int main(void)
{
  pthread_t thread;
  pthread_create(&thread, NULL, test_func, NULL);
  pthread_detach(thread);
  pthread_cancel(thread);
  pthread_join(thread, NULL);
  pthread_atfork(NULL, NULL, NULL);
  pthread_exit(NULL);

  return 0;
}

Determining if the function pthread_create exists in the pthreads failed with the following output:
Change Dir: /home/inessilva_132/Transferências/progp1/cmake-build-debug/CMakeFiles/CMakeTmp

Run Build Command(s):/usr/bin/gmake -f Makefile cmTC_9ee9e/fast && /usr/bin/gmake  -f CMakeFiles/cmTC_9ee9e.dir/build.make CMakeFiles/cmTC_9ee9e.dir/build
gmake[1]: a entrar na pasta "/home/inessilva_132/Transferências/progp1/cmake-build-debug/CMakeFiles/CMakeTmp"
Building C object CMakeFiles/cmTC_9ee9e.dir/CheckFunctionExists.c.o
/usr/bin/cc   -DCHECK_FUNCTION_EXISTS=pthread_create -o CMakeFiles/cmTC_9ee9e.dir/CheckFunctionExists.c.o -c /home/inessilva_132/Programação/CLion-2021.2.3/clion-2021.2.3/bin/cmake/linux/share/cmake-3.20/Modules/CheckFunctionExists.c
Linking C executable cmTC_9ee9e
/home/inessilva_132/Programação/CLion-2021.2.3/clion-2021.2.3/bin/cmake/linux/bin/cmake -E cmake_link_script CMakeFiles/cmTC_9ee9e.dir/link.txt --verbose=1
/usr/bin/cc  -DCHECK_FUNCTION_EXISTS=pthread_create CMakeFiles/cmTC_9ee9e.dir/CheckFunctionExists.c.o -o cmTC_9ee9e  -lpthreads 
/usr/bin/ld: cannot find -lpthreads
collect2: error: ld returned 1 exit status
gmake[1]: *** [CMakeFiles/cmTC_9ee9e.dir/build.make:99: cmTC_9ee9e] Erro 1
gmake[1]: a sair da pasta "/home/inessilva_132/Transferências/progp1/cmake-build-debug/CMakeFiles/CMakeTmp"
gmake: *** [Makefile:127: cmTC_9ee9e/fast] Erro 2



